{"C:\\Users\\natal\\Documents\\Frontend Projects\\meta-project\\src\\assets\\dish-pic.png": {"path":"C:\\Users\\natal\\Documents\\Frontend Projects\\meta-project\\src\\assets\\dish-pic.png","statementMap":{"0":{"start":{"line":1,"column":0},"end":{"line":1,"column":19}}},"fnMap":{},"branchMap":{},"s":{"0":1},"f":{},"b":{},"_coverageSchema":"1a1c01bbd47fc00a2c39e90264f33305004495a9","hash":"8f6ac59ce376ac7b03ded4f25225d7495d1e117d"}
,"C:\\Users\\natal\\Documents\\Frontend Projects\\meta-project\\src\\components\\Button\\index.tsx": {"path":"C:\\Users\\natal\\Documents\\Frontend Projects\\meta-project\\src\\components\\Button\\index.tsx","statementMap":{"0":{"start":{"line":1,"column":0},"end":{"line":1,"column":22}},"1":{"start":{"line":8,"column":4},"end":{"line":8,"column":null}},"2":{"start":{"line":7,"column":0},"end":{"line":7,"column":16}}},"fnMap":{"0":{"name":"Button","decl":{"start":{"line":7,"column":16},"end":{"line":7,"column":22}},"loc":{"start":{"line":7,"column":44},"end":{"line":9,"column":1}}}},"branchMap":{},"s":{"0":1,"1":2,"2":1},"f":{"0":2},"b":{}}
,"C:\\Users\\natal\\Documents\\Frontend Projects\\meta-project\\src\\sections\\Hero\\index.tsx": {"path":"C:\\Users\\natal\\Documents\\Frontend Projects\\meta-project\\src\\sections\\Hero\\index.tsx","statementMap":{"0":{"start":{"line":1,"column":0},"end":{"line":1,"column":40}},"1":{"start":{"line":2,"column":0},"end":{"line":2,"column":45}},"2":{"start":{"line":3,"column":0},"end":{"line":3,"column":22}},"3":{"start":{"line":4,"column":0},"end":{"line":4,"column":51}},"4":{"start":{"line":7,"column":4},"end":{"line":25,"column":null}},"5":{"start":{"line":6,"column":0},"end":{"line":6,"column":16}}},"fnMap":{"0":{"name":"Hero","decl":{"start":{"line":6,"column":16},"end":{"line":6,"column":20}},"loc":{"start":{"line":6,"column":20},"end":{"line":26,"column":1}}}},"branchMap":{},"s":{"0":1,"1":1,"2":1,"3":1,"4":2,"5":1},"f":{"0":2},"b":{}}
}
